21-03-25 10:37:25 [INFO] - Starting ICLPProcessApplication using Java 15.0.1 on BSHYDCOR-L350 with PID 14668 (D:\WORKSPACE\Sprint-3\ICLP\target\classes started by urvashic in D:\WORKSPACE\Sprint-3\ICLP)
21-03-25 10:37:25 [INFO] - The following profiles are active: dev
21-03-25 10:37:28 [INFO] - Started ICLPProcessApplication in 3.382 seconds (JVM running for 4.378)
21-03-25 10:37:31 [INFO] - Initializing ITAG file..
21-03-25 10:39:00 [INFO] - Process start of line..
21-03-25 10:39:39 [INFO] - Process start of line..
21-03-25 10:40:32 [INFO] - Process start of line..
21-03-25 10:42:22 [INFO] - File moved successfully.
21-03-25 10:43:03 [INFO] - Starting ICLPProcessApplication using Java 15.0.1 on BSHYDCOR-L350 with PID 1348 (D:\WORKSPACE\Sprint-3\ICLP\target\classes started by urvashic in D:\WORKSPACE\Sprint-3\ICLP)
21-03-25 10:43:03 [INFO] - The following profiles are active: dev
21-03-25 10:43:05 [INFO] - Started ICLPProcessApplication in 2.633 seconds (JVM running for 3.55)
21-03-25 10:43:07 [INFO] - Initializing ITAG file..
21-03-25 10:45:05 [INFO] - Process start of line..
21-03-25 10:45:17 [INFO] - Process start of line..
21-03-25 10:49:32 [INFO] - Starting ICLPProcessApplication using Java 15.0.1 on BSHYDCOR-L350 with PID 14824 (D:\WORKSPACE\Sprint-3\ICLP\target\classes started by urvashic in D:\WORKSPACE\Sprint-3\ICLP)
21-03-25 10:49:32 [INFO] - The following profiles are active: dev
21-03-25 10:49:35 [INFO] - Started ICLPProcessApplication in 2.589 seconds (JVM running for 3.475)
21-03-25 10:49:38 [INFO] - Initializing ITAG file..
21-03-25 10:50:41 [INFO] - Process start of line..
21-03-25 10:50:54 [INFO] - Process start of line..
21-03-25 10:52:43 [INFO] - Starting ICLPProcessApplication using Java 15.0.1 on BSHYDCOR-L350 with PID 10172 (D:\WORKSPACE\Sprint-3\ICLP\target\classes started by urvashic in D:\WORKSPACE\Sprint-3\ICLP)
21-03-25 10:52:43 [INFO] - The following profiles are active: dev
21-03-25 10:52:46 [INFO] - Started ICLPProcessApplication in 3.754 seconds (JVM running for 4.635)
21-03-25 10:52:58 [INFO] - Initializing ITAG file..
21-03-25 10:54:09 [INFO] - Process start of line..
21-03-25 10:54:25 [INFO] - Process start of line..
21-03-25 10:54:57 [INFO] - Process start of line..
21-03-25 10:56:48 [INFO] - File moved successfully.
21-03-25 12:14:13 [INFO] - Starting ICLPProcessApplication using Java 15.0.1 on BSHYDCOR-L350 with PID 9780 (D:\WORKSPACE\Sprint-3\ICLP\target\classes started by urvashic in D:\WORKSPACE\Sprint-3\ICLP)
21-03-25 12:14:13 [INFO] - The following profiles are active: dev
21-03-25 12:14:16 [INFO] - Started ICLPProcessApplication in 2.666 seconds (JVM running for 3.516)
21-03-25 12:14:22 [INFO] - Initializing ITAG file..
21-03-25 12:16:30 [INFO] - Process start of line..
21-03-25 12:17:08 [INFO] - Process start of line..
21-03-25 12:18:32 [INFO] - Process start of line..
21-03-25 12:28:07 [INFO] - Starting ICLPProcessApplication using Java 15.0.1 on BSHYDCOR-L350 with PID 6680 (D:\WORKSPACE\Sprint-3\ICLP\target\classes started by urvashic in D:\WORKSPACE\Sprint-3\ICLP)
21-03-25 12:28:07 [INFO] - The following profiles are active: dev
21-03-25 12:28:11 [INFO] - Started ICLPProcessApplication in 4.347 seconds (JVM running for 5.729)
21-03-25 12:28:15 [INFO] - Initializing ITAG file..
21-03-25 12:29:22 [INFO] - Process start of line..
21-03-25 12:29:39 [INFO] - Process start of line..
21-03-25 12:35:19 [INFO] - Process start of line..
21-03-25 12:39:16 [INFO] - Starting ICLPProcessApplication using Java 15.0.1 on BSHYDCOR-L350 with PID 6836 (D:\WORKSPACE\Sprint-3\ICLP\target\classes started by urvashic in D:\WORKSPACE\Sprint-3\ICLP)
21-03-25 12:39:16 [INFO] - The following profiles are active: dev
21-03-25 12:39:18 [INFO] - Started ICLPProcessApplication in 2.543 seconds (JVM running for 3.406)
21-03-25 12:39:22 [INFO] - Initializing ITAG file..
21-03-25 12:40:07 [INFO] - Process start of line..
21-03-25 12:40:15 [INFO] - Process start of line..
21-03-25 12:40:23 [INFO] - Process start of line..
21-03-25 12:40:47 [INFO] - Starting ICLPProcessApplication using Java 15.0.1 on BSHYDCOR-L350 with PID 6768 (D:\WORKSPACE\Sprint-3\ICLP\target\classes started by urvashic in D:\WORKSPACE\Sprint-3\ICLP)
21-03-25 12:40:47 [INFO] - The following profiles are active: dev
21-03-25 12:40:49 [INFO] - Started ICLPProcessApplication in 2.549 seconds (JVM running for 3.455)
21-03-25 12:40:52 [INFO] - Initializing ITAG file..
21-03-25 12:41:37 [INFO] - Process start of line..
21-03-25 12:41:51 [INFO] - Process start of line..
21-03-25 12:42:11 [INFO] - Process start of line..
21-03-25 13:17:07 [INFO] - Starting ICLPProcessApplication using Java 15.0.1 on BSHYDCOR-L350 with PID 17152 (D:\WORKSPACE\Sprint-3\ICLP\target\classes started by urvashic in D:\WORKSPACE\Sprint-3\ICLP)
21-03-25 13:17:07 [INFO] - The following profiles are active: dev
21-03-25 13:17:10 [INFO] - Started ICLPProcessApplication in 3.549 seconds (JVM running for 4.354)
21-03-25 13:17:15 [INFO] - Initializing ITAG file..
21-03-25 13:20:58 [INFO] - Process start of line..
21-03-25 13:21:38 [INFO] - Process start of line..
21-03-25 13:22:54 [INFO] - Process start of line..
21-03-25 13:47:01 [INFO] - Starting ICLPProcessApplication using Java 15.0.1 on BSHYDCOR-L350 with PID 14400 (D:\WORKSPACE\Sprint-3\ICLP\target\classes started by urvashic in D:\WORKSPACE\Sprint-3\ICLP)
21-03-25 13:47:01 [INFO] - The following profiles are active: dev
21-03-25 13:47:03 [INFO] - Started ICLPProcessApplication in 2.607 seconds (JVM running for 3.521)
21-03-25 13:47:06 [INFO] - Initializing ITAG file..
21-03-25 13:48:41 [INFO] - Process start of line..
21-03-25 13:48:55 [INFO] - Process start of line..
21-03-25 13:49:57 [INFO] - Process start of line..
21-03-25 14:06:52 [INFO] - Starting ICLPProcessApplication using Java 15.0.1 on BSHYDCOR-L350 with PID 15140 (D:\WORKSPACE\Sprint-3\ICLP\target\classes started by urvashic in D:\WORKSPACE\Sprint-3\ICLP)
21-03-25 14:06:52 [INFO] - The following profiles are active: dev
21-03-25 14:06:55 [INFO] - Started ICLPProcessApplication in 3.37 seconds (JVM running for 4.515)
21-03-25 14:09:31 [INFO] - Initializing ITAG file..
21-03-25 15:00:29 [INFO] - Starting ICLPProcessApplication using Java 15.0.1 on BSHYDCOR-L350 with PID 10604 (D:\WORKSPACE\Sprint-3\ICLP\target\classes started by urvashic in D:\WORKSPACE\Sprint-3\ICLP)
21-03-25 15:00:29 [INFO] - The following profiles are active: dev
21-03-25 15:00:33 [INFO] - Started ICLPProcessApplication in 4.83 seconds (JVM running for 6.729)
21-03-25 15:00:46 [INFO] - Initializing ITAG file..
21-03-25 15:02:46 [INFO] - Process start of line..
21-03-25 15:03:03 [INFO] - Process start of line..
21-03-25 15:03:34 [INFO] - Process start of line..
21-03-25 15:04:33 [INFO] - Starting ICLPProcessApplication using Java 15.0.1 on BSHYDCOR-L350 with PID 10660 (D:\WORKSPACE\Sprint-3\ICLP\target\classes started by urvashic in D:\WORKSPACE\Sprint-3\ICLP)
21-03-25 15:04:33 [INFO] - The following profiles are active: dev
21-03-25 15:04:36 [INFO] - Started ICLPProcessApplication in 3.41 seconds (JVM running for 4.578)
21-03-25 15:04:39 [INFO] - Initializing ITAG file..
21-03-25 15:05:51 [INFO] - Process start of line..
21-03-25 15:06:03 [INFO] - Process start of line..
21-03-25 15:06:11 [INFO] - Process start of line..
21-03-25 15:13:20 [INFO] - Starting ICLPProcessApplication using Java 15.0.1 on BSHYDCOR-L350 with PID 3296 (D:\WORKSPACE\Sprint-3\ICLP\target\classes started by urvashic in D:\WORKSPACE\Sprint-3\ICLP)
21-03-25 15:13:20 [INFO] - The following profiles are active: dev
21-03-25 15:13:22 [INFO] - Started ICLPProcessApplication in 3.19 seconds (JVM running for 5.259)
21-03-25 15:13:29 [INFO] - Initializing ITAG file..
21-03-25 15:14:20 [INFO] - Process start of line..
21-03-25 15:16:18 [INFO] - Process start of line..
21-03-25 15:16:44 [INFO] - Process start of line..
21-03-25 15:35:23 [INFO] - Starting ICLPProcessApplication using Java 15.0.1 on BSHYDCOR-L350 with PID 14392 (D:\WORKSPACE\Sprint-3\ICLP\target\classes started by urvashic in D:\WORKSPACE\Sprint-3\ICLP)
21-03-25 15:35:23 [INFO] - The following profiles are active: dev
21-03-25 15:35:28 [INFO] - Started ICLPProcessApplication in 5.084 seconds (JVM running for 6.165)
21-03-25 15:35:31 [INFO] - Initializing ITAG file..
21-03-25 15:36:21 [INFO] - Process start of line..
21-03-25 15:36:25 [INFO] - Process start of line..
21-03-25 15:36:35 [INFO] - Process start of line..
21-03-25 15:48:44 [INFO] - Starting ICLPProcessApplication using Java 15.0.1 on BSHYDCOR-L350 with PID 2524 (D:\WORKSPACE\Sprint-3\ICLP\target\classes started by urvashic in D:\WORKSPACE\Sprint-3\ICLP)
21-03-25 15:48:44 [INFO] - The following profiles are active: dev
21-03-25 15:49:17 [INFO] - Starting ICLPProcessApplication using Java 15.0.1 on BSHYDCOR-L350 with PID 14848 (D:\WORKSPACE\Sprint-3\ICLP\target\classes started by urvashic in D:\WORKSPACE\Sprint-3\ICLP)
21-03-25 15:49:17 [INFO] - The following profiles are active: dev
21-03-25 15:49:19 [INFO] - Started ICLPProcessApplication in 3.212 seconds (JVM running for 4.381)
21-03-25 15:49:24 [INFO] - Initializing ITAG file..
21-03-25 15:50:07 [INFO] - Starting ICLPProcessApplication using Java 15.0.1 on BSHYDCOR-L350 with PID 8148 (D:\WORKSPACE\Sprint-3\ICLP\target\classes started by urvashic in D:\WORKSPACE\Sprint-3\ICLP)
21-03-25 15:50:07 [INFO] - The following profiles are active: dev
21-03-25 15:50:10 [INFO] - Started ICLPProcessApplication in 3.339 seconds (JVM running for 4.446)
21-03-25 15:50:17 [INFO] - Initializing ITAG file..
21-03-25 15:51:44 [INFO] - Starting ICLPProcessApplication using Java 15.0.1 on BSHYDCOR-L350 with PID 12960 (D:\WORKSPACE\Sprint-3\ICLP\target\classes started by urvashic in D:\WORKSPACE\Sprint-3\ICLP)
21-03-25 15:51:44 [INFO] - The following profiles are active: dev
21-03-25 15:51:47 [INFO] - Started ICLPProcessApplication in 3.39 seconds (JVM running for 4.605)
21-03-25 15:51:50 [INFO] - Initializing ITAG file..
21-03-25 15:52:37 [INFO] - Process start of line..
21-03-25 15:52:40 [INFO] - Process start of line..
21-03-25 15:52:42 [INFO] - Process start of line..
21-03-25 16:03:46 [INFO] - Starting ICLPProcessApplication using Java 15.0.1 on BSHYDCOR-L350 with PID 1412 (D:\WORKSPACE\Sprint-3\ICLP\target\classes started by urvashic in D:\WORKSPACE\Sprint-3\ICLP)
21-03-25 16:03:46 [INFO] - The following profiles are active: dev
21-03-25 16:03:52 [INFO] - Started ICLPProcessApplication in 7.287 seconds (JVM running for 8.869)
21-03-25 16:03:52 [INFO] - Initializing ITAG file..
21-03-25 16:04:32 [INFO] - Process start of line..
21-03-25 16:04:32 [INFO] - Process start of line..
21-03-25 16:04:32 [INFO] - Process start of line..
21-03-25 16:04:32 [INFO] - File moved successfully.
21-03-25 16:12:00 [INFO] - Starting ICLPProcessApplication using Java 15.0.1 on BSHYDCOR-L350 with PID 14960 (D:\WORKSPACE\Sprint-3\ICLP\target\classes started by urvashic in D:\WORKSPACE\Sprint-3\ICLP)
21-03-25 16:12:00 [INFO] - The following profiles are active: dev
21-03-25 16:13:04 [INFO] - Starting ICLPProcessApplication using Java 15.0.1 on BSHYDCOR-L350 with PID 13984 (D:\WORKSPACE\Sprint-3\ICLP\target\classes started by urvashic in D:\WORKSPACE\Sprint-3\ICLP)
21-03-25 16:13:04 [INFO] - The following profiles are active: dev
21-03-25 16:13:06 [INFO] - Started ICLPProcessApplication in 3.003 seconds (JVM running for 3.976)
21-03-25 16:13:09 [INFO] - Initializing ITAG file..
21-03-25 16:14:39 [INFO] - Process start of line..
21-03-25 16:14:49 [INFO] - Process start of line..
21-03-25 16:15:01 [INFO] - Process start of line..
21-03-25 16:48:08 [INFO] - Starting ICLPProcessApplication using Java 15.0.1 on BSHYDCOR-L350 with PID 14864 (D:\WORKSPACE\Sprint-3\ICLP\target\classes started by urvashic in D:\WORKSPACE\Sprint-3\ICLP)
21-03-25 16:48:08 [INFO] - The following profiles are active: dev
21-03-25 16:48:10 [INFO] - Started ICLPProcessApplication in 2.574 seconds (JVM running for 3.353)
21-03-25 16:48:13 [INFO] - Initializing ITAG file..
21-03-25 16:49:47 [INFO] - Process start of line..
21-03-25 16:49:54 [INFO] - Process start of line..
21-03-25 16:52:16 [INFO] - Starting ICLPProcessApplication using Java 15.0.1 on BSHYDCOR-L350 with PID 12636 (D:\WORKSPACE\Sprint-3\ICLP\target\classes started by urvashic in D:\WORKSPACE\Sprint-3\ICLP)
21-03-25 16:52:16 [INFO] - The following profiles are active: dev
21-03-25 16:52:19 [INFO] - Started ICLPProcessApplication in 3.266 seconds (JVM running for 4.308)
21-03-25 16:52:35 [INFO] - Initializing ITAG file..
21-03-25 16:54:12 [INFO] - Process start of line..
21-03-25 16:54:18 [INFO] - Process start of line..
21-03-25 16:55:18 [INFO] - Starting ICLPProcessApplication using Java 15.0.1 on BSHYDCOR-L350 with PID 13256 (D:\WORKSPACE\Sprint-3\ICLP\target\classes started by urvashic in D:\WORKSPACE\Sprint-3\ICLP)
21-03-25 16:55:18 [INFO] - The following profiles are active: dev
21-03-25 16:55:21 [INFO] - Started ICLPProcessApplication in 2.712 seconds (JVM running for 3.679)
21-03-25 16:55:25 [INFO] - Initializing ITAG file..
21-03-25 16:58:13 [INFO] - Process start of line..
21-03-25 16:58:21 [INFO] - Process start of line..
21-03-25 17:02:09 [INFO] - Starting ICLPProcessApplication using Java 15.0.1 on BSHYDCOR-L350 with PID 12456 (D:\WORKSPACE\Sprint-3\ICLP\target\classes started by urvashic in D:\WORKSPACE\Sprint-3\ICLP)
21-03-25 17:02:09 [INFO] - The following profiles are active: dev
21-03-25 17:02:11 [INFO] - Started ICLPProcessApplication in 2.834 seconds (JVM running for 3.868)
21-03-25 17:02:14 [INFO] - Initializing ITAG file..
21-03-25 17:03:15 [INFO] - Process start of line..
21-03-25 17:03:28 [INFO] - Process start of line..
21-03-25 17:03:54 [INFO] - Process start of line..
21-03-25 17:10:06 [INFO] - Starting ICLPProcessApplication using Java 15.0.1 on BSHYDCOR-L350 with PID 8976 (D:\WORKSPACE\Sprint-3\ICLP\target\classes started by urvashic in D:\WORKSPACE\Sprint-3\ICLP)
21-03-25 17:10:06 [INFO] - The following profiles are active: dev
21-03-25 17:10:09 [INFO] - Started ICLPProcessApplication in 4.171 seconds (JVM running for 5.38)
21-03-25 17:10:17 [INFO] - Initializing ITAG file..
21-03-25 17:11:32 [INFO] - Process start of line..
21-03-25 17:11:54 [INFO] - Process start of line..
21-03-25 17:12:03 [INFO] - Process start of line..
21-03-25 17:15:12 [INFO] - Starting ICLPProcessApplication using Java 15.0.1 on BSHYDCOR-L350 with PID 10044 (D:\WORKSPACE\Sprint-3\ICLP\target\classes started by urvashic in D:\WORKSPACE\Sprint-3\ICLP)
21-03-25 17:15:12 [INFO] - The following profiles are active: dev
21-03-25 17:15:14 [INFO] - Started ICLPProcessApplication in 2.761 seconds (JVM running for 3.472)
21-03-25 17:15:14 [INFO] - Initializing ITAG file..
21-03-25 17:15:51 [INFO] - Process start of line..
21-03-25 17:15:51 [INFO] - Process start of line..
21-03-25 17:15:51 [INFO] - Process start of line..
21-03-25 17:15:51 [INFO] - Process start of line..
21-03-25 17:15:51 [INFO] - Process start of line..
21-03-25 17:15:51 [INFO] - Process start of line..
21-03-25 17:15:51 [INFO] - Process start of line..
21-03-25 17:21:53 [INFO] - Starting ICLPProcessApplication using Java 15.0.1 on BSHYDCOR-L350 with PID 5000 (D:\WORKSPACE\Sprint-3\ICLP\target\classes started by urvashic in D:\WORKSPACE\Sprint-3\ICLP)
21-03-25 17:21:53 [INFO] - The following profiles are active: dev
21-03-25 17:22:10 [INFO] - Starting ICLPProcessApplication using Java 15.0.1 on BSHYDCOR-L350 with PID 15232 (D:\WORKSPACE\Sprint-3\ICLP\target\classes started by urvashic in D:\WORKSPACE\Sprint-3\ICLP)
21-03-25 17:22:10 [INFO] - The following profiles are active: dev
21-03-25 17:22:32 [INFO] - Starting ICLPProcessApplication using Java 15.0.1 on BSHYDCOR-L350 with PID 6032 (D:\WORKSPACE\Sprint-3\ICLP\target\classes started by urvashic in D:\WORKSPACE\Sprint-3\ICLP)
21-03-25 17:22:32 [INFO] - The following profiles are active: dev
21-03-25 17:23:23 [INFO] - Starting ICLPProcessApplication using Java 15.0.1 on BSHYDCOR-L350 with PID 13992 (D:\WORKSPACE\Sprint-3\ICLP\target\classes started by urvashic in D:\WORKSPACE\Sprint-3\ICLP)
21-03-25 17:23:23 [INFO] - The following profiles are active: dev
21-03-25 17:23:33 [INFO] - Starting ICLPProcessApplication using Java 15.0.1 on BSHYDCOR-L350 with PID 13928 (D:\WORKSPACE\Sprint-3\ICLP\target\classes started by urvashic in D:\WORKSPACE\Sprint-3\ICLP)
21-03-25 17:23:33 [INFO] - The following profiles are active: dev
21-03-25 17:23:35 [INFO] - Started ICLPProcessApplication in 2.329 seconds (JVM running for 3.037)
21-03-25 17:23:35 [INFO] - Initializing ITAG file..
21-03-25 17:24:14 [INFO] - Process start of line..
21-03-25 17:24:14 [INFO] - Process start of line..
21-03-25 17:24:14 [INFO] - Process start of line..
21-03-25 17:24:14 [INFO] - Process start of line..
21-03-25 17:24:14 [INFO] - Process start of line..
21-03-25 17:24:14 [INFO] - Process start of line..
21-03-25 17:24:14 [INFO] - Process start of line..
21-03-25 17:26:54 [INFO] - Starting ICLPProcessApplication using Java 15.0.1 on BSHYDCOR-L350 with PID 2772 (D:\WORKSPACE\Sprint-3\ICLP\target\classes started by urvashic in D:\WORKSPACE\Sprint-3\ICLP)
21-03-25 17:26:54 [INFO] - The following profiles are active: dev
21-03-25 17:27:08 [INFO] - Starting ICLPProcessApplication using Java 15.0.1 on BSHYDCOR-L350 with PID 496 (D:\WORKSPACE\Sprint-3\ICLP\target\classes started by urvashic in D:\WORKSPACE\Sprint-3\ICLP)
21-03-25 17:27:08 [INFO] - The following profiles are active: dev
21-03-25 17:27:10 [INFO] - Started ICLPProcessApplication in 2.322 seconds (JVM running for 2.986)
21-03-25 17:27:10 [INFO] - Initializing ITAG file..
21-03-25 17:27:49 [INFO] - Process start of line..
21-03-25 17:27:49 [INFO] - Process start of line..
21-03-25 17:27:49 [INFO] - Process start of line..
21-03-25 17:27:49 [INFO] - Process start of line..
21-03-25 17:27:49 [INFO] - Process start of line..
21-03-25 17:27:49 [INFO] - Process start of line..
21-03-25 17:27:49 [INFO] - Process start of line..
21-03-25 17:30:56 [INFO] - Starting ICLPProcessApplication using Java 15.0.1 on BSHYDCOR-L350 with PID 784 (D:\WORKSPACE\Sprint-3\ICLP\target\classes started by urvashic in D:\WORKSPACE\Sprint-3\ICLP)
21-03-25 17:30:56 [INFO] - The following profiles are active: dev
21-03-25 17:30:58 [INFO] - Started ICLPProcessApplication in 2.447 seconds (JVM running for 3.339)
21-03-25 17:31:10 [INFO] - Initializing ITAG file..
21-03-25 17:31:49 [INFO] - Process start of line..
21-03-25 17:31:49 [INFO] - Process start of line..
21-03-25 17:31:49 [INFO] - Process start of line..
21-03-25 17:31:49 [INFO] - Process start of line..
21-03-25 17:31:49 [INFO] - Process start of line..
21-03-25 17:31:49 [INFO] - Process start of line..
21-03-25 17:31:49 [INFO] - Process start of line..
21-03-25 17:33:03 [INFO] - Starting ICLPProcessApplication using Java 15.0.1 on BSHYDCOR-L350 with PID 10644 (D:\WORKSPACE\Sprint-3\ICLP\target\classes started by urvashic in D:\WORKSPACE\Sprint-3\ICLP)
21-03-25 17:33:03 [INFO] - The following profiles are active: dev
21-03-25 17:33:05 [INFO] - Started ICLPProcessApplication in 2.508 seconds (JVM running for 3.369)
21-03-25 17:33:10 [INFO] - Initializing ITAG file..
21-03-25 17:34:11 [INFO] - Process start of line..
21-03-25 17:34:11 [INFO] - Process start of line..
21-03-25 17:34:11 [INFO] - Process start of line..
21-03-25 17:34:11 [INFO] - Process start of line..
21-03-25 17:34:11 [INFO] - Process start of line..
21-03-25 17:34:11 [INFO] - Process start of line..
21-03-25 17:34:11 [INFO] - Process start of line..
21-03-25 17:37:07 [INFO] - Starting ICLPProcessApplication using Java 15.0.1 on BSHYDCOR-L350 with PID 13944 (D:\WORKSPACE\Sprint-3\ICLP\target\classes started by urvashic in D:\WORKSPACE\Sprint-3\ICLP)
21-03-25 17:37:07 [INFO] - The following profiles are active: dev
21-03-25 17:37:09 [INFO] - Started ICLPProcessApplication in 2.484 seconds (JVM running for 3.277)
21-03-25 17:37:12 [INFO] - Initializing ITAG file..
21-03-25 17:38:43 [INFO] - Process start of line..
21-03-25 17:40:17 [INFO] - Starting ICLPProcessApplication using Java 15.0.1 on BSHYDCOR-L350 with PID 13960 (D:\WORKSPACE\Sprint-3\ICLP\target\classes started by urvashic in D:\WORKSPACE\Sprint-3\ICLP)
21-03-25 17:40:17 [INFO] - The following profiles are active: dev
21-03-25 17:40:19 [INFO] - Started ICLPProcessApplication in 2.456 seconds (JVM running for 3.348)
21-03-25 17:40:22 [INFO] - Initializing ITAG file..
21-03-25 17:54:55 [INFO] - Starting ICLPProcessApplication using Java 15.0.1 on BSHYDCOR-L350 with PID 9088 (D:\WORKSPACE\Sprint-3\ICLP\target\classes started by urvashic in D:\WORKSPACE\Sprint-3\ICLP)
21-03-25 17:54:55 [INFO] - The following profiles are active: dev
21-03-25 17:54:57 [INFO] - Started ICLPProcessApplication in 2.516 seconds (JVM running for 3.467)
21-03-25 17:55:02 [INFO] - Initializing ITAG file..
21-03-25 17:58:05 [INFO] - Downloaded file: 022_20200801194130.ICLP
21-03-25 17:58:05 [INFO] - Process start of line..
21-03-25 17:58:05 [INFO] - Process start of line..
21-03-25 17:58:05 [INFO] - Process start of line..
21-03-25 17:58:05 [INFO] - Process start of line..
21-03-25 17:58:05 [INFO] - Process start of line..
21-03-25 17:58:05 [INFO] - Process start of line..
21-03-25 17:58:05 [INFO] - Process start of line..
21-03-25 18:05:24 [INFO] - Starting ICLPProcessApplication using Java 15.0.1 on BSHYDCOR-L350 with PID 13548 (D:\WORKSPACE\Sprint-3\ICLP\target\classes started by urvashic in D:\WORKSPACE\Sprint-3\ICLP)
21-03-25 18:05:24 [INFO] - The following profiles are active: dev
21-03-25 18:05:26 [INFO] - Started ICLPProcessApplication in 2.688 seconds (JVM running for 3.592)
21-03-25 18:05:36 [INFO] - Initializing ITAG file..
21-03-25 18:09:10 [INFO] - Downloaded file: 022_20200801194130.ICLP
21-03-25 18:09:10 [INFO] - Process start of line..
21-03-25 18:09:10 [INFO] - Process start of line..
21-03-25 18:09:10 [INFO] - Process start of line..
21-03-25 18:09:10 [INFO] - Process start of line..
21-03-25 18:09:10 [INFO] - Process start of line..
21-03-25 18:09:10 [INFO] - Process start of line..
21-03-25 18:09:10 [INFO] - Process start of line..
21-03-25 18:12:23 [INFO] - Starting ICLPProcessApplication using Java 15.0.1 on BSHYDCOR-L350 with PID 3912 (D:\WORKSPACE\Sprint-3\ICLP\target\classes started by urvashic in D:\WORKSPACE\Sprint-3\ICLP)
21-03-25 18:12:23 [INFO] - The following profiles are active: dev
21-03-25 18:12:25 [INFO] - Started ICLPProcessApplication in 2.606 seconds (JVM running for 3.499)
21-03-25 18:12:29 [INFO] - Initializing ITAG file..
21-03-25 18:14:11 [INFO] - Downloaded file: 022_20200801194130.ICLP
21-03-25 18:14:11 [INFO] - Process start of line..
21-03-25 18:14:11 [INFO] - Process start of line..
21-03-25 18:14:11 [INFO] - Process start of line..
21-03-25 18:14:11 [INFO] - Process start of line..
21-03-25 18:14:11 [INFO] - Process start of line..
21-03-25 18:14:11 [INFO] - Process start of line..
21-03-25 18:14:11 [INFO] - Process start of line..
21-03-25 18:14:50 [INFO] - Starting ICLPProcessApplication using Java 15.0.1 on BSHYDCOR-L350 with PID 14956 (D:\WORKSPACE\Sprint-3\ICLP\target\classes started by urvashic in D:\WORKSPACE\Sprint-3\ICLP)
21-03-25 18:14:50 [INFO] - The following profiles are active: dev
21-03-25 18:14:52 [INFO] - Started ICLPProcessApplication in 2.542 seconds (JVM running for 3.461)
21-03-25 18:14:52 [INFO] - Initializing ITAG file..
21-03-25 18:15:42 [INFO] - Downloaded file: 022_20200801194130.ICLP
21-03-25 18:15:42 [INFO] - Process start of line..
21-03-25 18:15:42 [INFO] - Process start of line..
21-03-25 18:15:42 [INFO] - Process start of line..
21-03-25 18:15:42 [INFO] - Process start of line..
21-03-25 18:15:42 [INFO] - Process start of line..
21-03-25 18:15:42 [INFO] - Process start of line..
21-03-25 18:15:42 [INFO] - Process start of line..
21-03-25 18:21:17 [INFO] - Starting ICLPProcessApplication using Java 15.0.1 on BSHYDCOR-L350 with PID 15100 (D:\WORKSPACE\Sprint-3\ICLP\target\classes started by urvashic in D:\WORKSPACE\Sprint-3\ICLP)
21-03-25 18:21:17 [INFO] - The following profiles are active: dev
21-03-25 18:21:19 [INFO] - Started ICLPProcessApplication in 2.493 seconds (JVM running for 3.386)
21-03-25 18:21:19 [INFO] - Initializing ITAG file..
21-03-25 18:22:00 [INFO] - Downloaded file: 022_20200801194130.ICLP
21-03-25 18:22:00 [INFO] - Process start of line..
21-03-25 18:22:00 [INFO] - Process start of line..
21-03-25 18:22:00 [INFO] - Process start of line..
21-03-25 18:22:00 [INFO] - Process start of line..
21-03-25 18:22:00 [INFO] - Process start of line..
21-03-25 18:22:00 [INFO] - Process start of line..
21-03-25 18:22:00 [INFO] - Process start of line..
