21-03-13 12:08:53 [INFO] - Starting ItagProcessApplication using Java 15.0.1 on BSHYDCOR-L350 with PID 21128 (D:\WORKSPACE\TPMS\TPMS\ITAG_NEW\ITAG\target\classes started by urvashic in D:\WORKSPACE\TPMS\TPMS\ITAG_NEW\ITAG)
21-03-13 12:08:53 [INFO] - The following profiles are active: dev
21-03-13 12:09:13 [INFO] - Started ItagProcessApplication in 20.918 seconds (JVM running for 22.266)
21-03-13 13:58:36 [INFO] - Starting ItagProcessApplication using Java 15.0.1 on BSHYDCOR-L350 with PID 13468 (D:\WORKSPACE\TPMS\TPMS\ITAG_NEW\ITAG\target\classes started by urvashic in D:\WORKSPACE\TPMS\TPMS\ITAG_NEW\ITAG)
21-03-13 13:58:36 [INFO] - The following profiles are active: dev
21-03-13 13:59:18 [INFO] - Started ItagProcessApplication in 43.215 seconds (JVM running for 45.918)
21-03-13 14:19:33 [INFO] - Starting ItagProcessApplication using Java 15.0.1 on BSHYDCOR-L350 with PID 23072 (D:\WORKSPACE\TPMS\TPMS\ITAG_NEW\ITAG\target\classes started by urvashic in D:\WORKSPACE\TPMS\TPMS\ITAG_NEW\ITAG)
21-03-13 14:19:33 [INFO] - The following profiles are active: dev
21-03-13 14:19:40 [INFO] - Started ItagProcessApplication in 8.308 seconds (JVM running for 10.369)
21-03-13 15:18:34 [INFO] - Starting ItagProcessApplication using Java 15.0.1 on BSHYDCOR-L350 with PID 21608 (D:\WORKSPACE\TPMS\TPMS\ITAG_NEW\ITAG\target\classes started by urvashic in D:\WORKSPACE\TPMS\TPMS\ITAG_NEW\ITAG)
21-03-13 15:18:34 [INFO] - The following profiles are active: dev
21-03-13 15:18:45 [INFO] - Started ItagProcessApplication in 12.515 seconds (JVM running for 13.71)
21-03-13 15:22:58 [INFO] - Starting ItagProcessApplication using Java 15.0.1 on BSHYDCOR-L350 with PID 22652 (D:\WORKSPACE\TPMS\TPMS\ITAG_NEW\ITAG\target\classes started by urvashic in D:\WORKSPACE\TPMS\TPMS\ITAG_NEW\ITAG)
21-03-13 15:22:58 [INFO] - The following profiles are active: dev
21-03-13 15:23:08 [INFO] - Started ItagProcessApplication in 10.006 seconds (JVM running for 10.997)
21-03-13 15:27:29 [INFO] - Starting ItagProcessApplication using Java 15.0.1 on BSHYDCOR-L350 with PID 18692 (D:\WORKSPACE\TPMS\TPMS\ITAG_NEW\ITAG\target\classes started by urvashic in D:\WORKSPACE\TPMS\TPMS\ITAG_NEW\ITAG)
21-03-13 15:27:29 [INFO] - The following profiles are active: dev
21-03-13 15:27:31 [INFO] - Started ItagProcessApplication in 2.38 seconds (JVM running for 3.115)
21-03-13 15:31:10 [INFO] - Starting ItagProcessApplication using Java 15.0.1 on BSHYDCOR-L350 with PID 20540 (D:\WORKSPACE\TPMS\TPMS\ITAG_NEW\ITAG\target\classes started by urvashic in D:\WORKSPACE\TPMS\TPMS\ITAG_NEW\ITAG)
21-03-13 15:31:10 [INFO] - The following profiles are active: dev
21-03-13 15:31:12 [INFO] - Started ItagProcessApplication in 3.334 seconds (JVM running for 4.046)
21-03-13 15:33:45 [INFO] - Starting ItagProcessApplication using Java 15.0.1 on BSHYDCOR-L350 with PID 21668 (D:\WORKSPACE\TPMS\TPMS\ITAG_NEW\ITAG\target\classes started by urvashic in D:\WORKSPACE\TPMS\TPMS\ITAG_NEW\ITAG)
21-03-13 15:33:45 [INFO] - The following profiles are active: dev
21-03-13 15:33:54 [INFO] - Started ItagProcessApplication in 10.368 seconds (JVM running for 12.976)
21-03-13 15:40:33 [INFO] - Starting ItagProcessApplication using Java 15.0.1 on BSHYDCOR-L350 with PID 10792 (D:\WORKSPACE\TPMS\TPMS\ITAG_NEW\ITAG\target\classes started by urvashic in D:\WORKSPACE\TPMS\TPMS\ITAG_NEW\ITAG)
21-03-13 15:40:33 [INFO] - The following profiles are active: dev
21-03-13 15:40:35 [INFO] - Started ItagProcessApplication in 2.426 seconds (JVM running for 3.114)
21-03-13 15:44:36 [INFO] - Starting ItagProcessApplication using Java 15.0.1 on BSHYDCOR-L350 with PID 1268 (D:\WORKSPACE\TPMS\TPMS\ITAG_NEW\ITAG\target\classes started by urvashic in D:\WORKSPACE\TPMS\TPMS\ITAG_NEW\ITAG)
21-03-13 15:44:36 [INFO] - The following profiles are active: dev
21-03-13 15:44:38 [INFO] - Started ItagProcessApplication in 2.292 seconds (JVM running for 2.997)
21-03-13 15:46:27 [INFO] - Starting ItagProcessApplication using Java 15.0.1 on BSHYDCOR-L350 with PID 14704 (D:\WORKSPACE\TPMS\TPMS\ITAG_NEW\ITAG\target\classes started by urvashic in D:\WORKSPACE\TPMS\TPMS\ITAG_NEW\ITAG)
21-03-13 15:46:27 [INFO] - The following profiles are active: dev
21-03-13 15:46:29 [INFO] - Started ItagProcessApplication in 2.315 seconds (JVM running for 3.043)
21-03-13 16:05:46 [INFO] - Starting ItagProcessApplication using Java 15.0.1 on BSHYDCOR-L350 with PID 21516 (D:\WORKSPACE\TPMS\TPMS\ITAG_NEW\ITAG\target\classes started by urvashic in D:\WORKSPACE\TPMS\TPMS\ITAG_NEW\ITAG)
21-03-13 16:05:46 [INFO] - The following profiles are active: dev
21-03-13 16:05:48 [INFO] - Started ItagProcessApplication in 2.388 seconds (JVM running for 3.104)
21-03-13 16:06:26 [INFO] - File date is invalid:20210713230432
21-03-13 16:06:27 [INFO] - File checkpoint Details Inserted with Id= 140
21-03-13 16:11:19 [INFO] - Starting ItagProcessApplication using Java 15.0.1 on BSHYDCOR-L350 with PID 19608 (D:\WORKSPACE\TPMS\TPMS\ITAG_NEW\ITAG\target\classes started by urvashic in D:\WORKSPACE\TPMS\TPMS\ITAG_NEW\ITAG)
21-03-13 16:11:19 [INFO] - The following profiles are active: dev
21-03-13 16:11:39 [INFO] - Starting ItagProcessApplication using Java 15.0.1 on BSHYDCOR-L350 with PID 22176 (D:\WORKSPACE\TPMS\TPMS\ITAG_NEW\ITAG\target\classes started by urvashic in D:\WORKSPACE\TPMS\TPMS\ITAG_NEW\ITAG)
21-03-13 16:11:39 [INFO] - The following profiles are active: dev
21-03-13 16:11:41 [INFO] - Started ItagProcessApplication in 2.752 seconds (JVM running for 3.681)
21-03-13 16:12:03 [INFO] - Agency info fetched from T_Agency table successfully.
21-03-13 16:19:10 [INFO] - Starting ItagProcessApplication using Java 15.0.1 on BSHYDCOR-L350 with PID 20108 (D:\WORKSPACE\TPMS\TPMS\ITAG_NEW\ITAG\target\classes started by urvashic in D:\WORKSPACE\TPMS\TPMS\ITAG_NEW\ITAG)
21-03-13 16:19:10 [INFO] - The following profiles are active: dev
21-03-13 16:19:11 [INFO] - Started ItagProcessApplication in 2.31 seconds (JVM running for 3.121)
21-03-13 16:19:12 [INFO] - Agency info fetched from T_Agency table successfully.
21-03-13 16:22:56 [INFO] - Starting ItagProcessApplication using Java 15.0.1 on BSHYDCOR-L350 with PID 12948 (D:\WORKSPACE\TPMS\TPMS\ITAG_NEW\ITAG\target\classes started by urvashic in D:\WORKSPACE\TPMS\TPMS\ITAG_NEW\ITAG)
21-03-13 16:22:56 [INFO] - The following profiles are active: dev
21-03-13 16:22:58 [INFO] - Started ItagProcessApplication in 4.261 seconds (JVM running for 5.353)
21-03-13 16:23:12 [INFO] - Agency info fetched from T_Agency table successfully.
21-03-13 16:24:02 [INFO] - Starting ItagProcessApplication using Java 15.0.1 on BSHYDCOR-L350 with PID 3004 (D:\WORKSPACE\TPMS\TPMS\ITAG_NEW\ITAG\target\classes started by urvashic in D:\WORKSPACE\TPMS\TPMS\ITAG_NEW\ITAG)
21-03-13 16:24:02 [INFO] - The following profiles are active: dev
21-03-13 16:24:04 [INFO] - Started ItagProcessApplication in 3.944 seconds (JVM running for 4.893)
21-03-13 16:24:15 [INFO] - Agency info fetched from T_Agency table successfully.
21-03-13 16:28:24 [INFO] - Starting ItagProcessApplication using Java 15.0.1 on BSHYDCOR-L350 with PID 22820 (D:\WORKSPACE\TPMS\TPMS\ITAG_NEW\ITAG\target\classes started by urvashic in D:\WORKSPACE\TPMS\TPMS\ITAG_NEW\ITAG)
21-03-13 16:28:24 [INFO] - The following profiles are active: dev
21-03-13 16:28:27 [INFO] - Started ItagProcessApplication in 3.932 seconds (JVM running for 5.002)
21-03-13 16:31:11 [INFO] - Starting ItagProcessApplication using Java 15.0.1 on BSHYDCOR-L350 with PID 19880 (D:\WORKSPACE\TPMS\TPMS\ITAG_NEW\ITAG\target\classes started by urvashic in D:\WORKSPACE\TPMS\TPMS\ITAG_NEW\ITAG)
21-03-13 16:31:11 [INFO] - The following profiles are active: dev
21-03-13 16:31:14 [INFO] - Started ItagProcessApplication in 3.014 seconds (JVM running for 4.059)
21-03-13 16:35:04 [INFO] - Starting ItagProcessApplication using Java 15.0.1 on BSHYDCOR-L350 with PID 4108 (D:\WORKSPACE\TPMS\TPMS\ITAG_NEW\ITAG\target\classes started by urvashic in D:\WORKSPACE\TPMS\TPMS\ITAG_NEW\ITAG)
21-03-13 16:35:04 [INFO] - The following profiles are active: dev
21-03-13 16:35:07 [INFO] - Started ItagProcessApplication in 2.832 seconds (JVM running for 3.623)
21-03-13 16:37:12 [INFO] - Starting ItagProcessApplication using Java 15.0.1 on BSHYDCOR-L350 with PID 13604 (D:\WORKSPACE\TPMS\TPMS\ITAG_NEW\ITAG\target\classes started by urvashic in D:\WORKSPACE\TPMS\TPMS\ITAG_NEW\ITAG)
21-03-13 16:37:12 [INFO] - The following profiles are active: dev
21-03-13 16:37:14 [INFO] - Started ItagProcessApplication in 4.009 seconds (JVM running for 5.059)
21-03-13 16:39:53 [INFO] - Agency info fetched from T_Agency table successfully.
21-03-13 16:53:03 [INFO] - File date is invalid:20210713230432
21-03-13 19:39:41 [INFO] - Starting ItagProcessApplication using Java 15.0.1 on BSHYDCOR-L350 with PID 12740 (D:\WORKSPACE\TPMS\TPMS\ITAG_NEW\ITAG\target\classes started by urvashic in D:\WORKSPACE\TPMS\TPMS\ITAG_NEW\ITAG)
21-03-13 19:39:41 [INFO] - The following profiles are active: dev
21-03-13 19:39:47 [INFO] - Started ItagProcessApplication in 6.638 seconds (JVM running for 9.458)
21-03-13 19:40:30 [INFO] - Agency info fetched from T_Agency table successfully.
21-03-13 19:40:31 [INFO] - File date is invalid:20210713230432
21-03-13 19:40:33 [INFO] - File checkpoint Details Inserted with Id= 160
21-03-13 19:41:46 [INFO] - Starting ItagProcessApplication using Java 15.0.1 on BSHYDCOR-L350 with PID 10480 (D:\WORKSPACE\TPMS\TPMS\ITAG_NEW\ITAG\target\classes started by urvashic in D:\WORKSPACE\TPMS\TPMS\ITAG_NEW\ITAG)
21-03-13 19:41:46 [INFO] - The following profiles are active: dev
21-03-13 19:41:50 [INFO] - Started ItagProcessApplication in 4.813 seconds (JVM running for 6.316)
21-03-13 19:42:29 [INFO] - File date is invalid:20210713230432
21-03-13 19:42:31 [INFO] - File checkpoint Details Inserted with Id= 161
21-03-13 20:03:24 [INFO] - Starting ItagProcessApplication using Java 15.0.1 on BSHYDCOR-L350 with PID 12856 (D:\WORKSPACE\TPMS\TPMS\ITAG_NEW\ITAG\target\classes started by urvashic in D:\WORKSPACE\TPMS\TPMS\ITAG_NEW\ITAG)
21-03-13 20:03:24 [INFO] - The following profiles are active: dev
21-03-13 20:03:30 [INFO] - Started ItagProcessApplication in 7.183 seconds (JVM running for 9.929)
21-03-13 20:05:13 [INFO] - File date is invalid:20210713230432
21-03-13 20:06:03 [INFO] - File checkpoint Details Inserted with Id= 162
