21-03-12 00:11:02 [INFO] - Starting ItagProcessApplication using Java 15.0.1 on BSHYDCOR-L350 with PID 15024 (D:\WORKSPACE\TPMS\TPMS\ITAG_NEW\ITAG\target\classes started by urvashic in D:\WORKSPACE\TPMS\TPMS\ITAG_NEW\ITAG)
21-03-12 00:11:03 [INFO] - The following profiles are active: dev
21-03-12 00:11:08 [INFO] - Started ItagProcessApplication in 6.237 seconds (JVM running for 7.673)
21-03-12 00:11:52 [INFO] - 00
21-03-12 00:16:12 [INFO] - Starting ItagProcessApplication using Java 15.0.1 on BSHYDCOR-L350 with PID 14972 (D:\WORKSPACE\TPMS\TPMS\ITAG_NEW\ITAG\target\classes started by urvashic in D:\WORKSPACE\TPMS\TPMS\ITAG_NEW\ITAG)
21-03-12 00:16:12 [INFO] - The following profiles are active: dev
21-03-12 00:16:17 [INFO] - Started ItagProcessApplication in 5.672 seconds (JVM running for 7.204)
21-03-12 00:18:14 [INFO] - Starting ItagProcessApplication using Java 15.0.1 on BSHYDCOR-L350 with PID 18712 (D:\WORKSPACE\TPMS\TPMS\ITAG_NEW\ITAG\target\classes started by urvashic in D:\WORKSPACE\TPMS\TPMS\ITAG_NEW\ITAG)
21-03-12 00:18:14 [INFO] - The following profiles are active: dev
21-03-12 00:18:18 [INFO] - Started ItagProcessApplication in 5.466 seconds (JVM running for 6.498)
21-03-12 00:21:17 [INFO] - Starting ItagProcessApplication using Java 15.0.1 on BSHYDCOR-L350 with PID 17656 (D:\WORKSPACE\TPMS\TPMS\ITAG_NEW\ITAG\target\classes started by urvashic in D:\WORKSPACE\TPMS\TPMS\ITAG_NEW\ITAG)
21-03-12 00:21:17 [INFO] - The following profiles are active: dev
21-03-12 00:21:58 [INFO] - Starting ItagProcessApplication using Java 15.0.1 on BSHYDCOR-L350 with PID 16628 (D:\WORKSPACE\TPMS\TPMS\ITAG_NEW\ITAG\target\classes started by urvashic in D:\WORKSPACE\TPMS\TPMS\ITAG_NEW\ITAG)
21-03-12 00:21:58 [INFO] - The following profiles are active: dev
21-03-12 00:22:20 [INFO] - Started ItagProcessApplication in 22.972 seconds (JVM running for 24.637)
21-03-12 13:37:28 [INFO] - Starting ItagProcessApplication using Java 15.0.1 on BSHYDCOR-L350 with PID 568 (D:\WORKSPACE\TPMS\TPMS\ITAG_NEW\ITAG\target\classes started by urvashic in D:\WORKSPACE\TPMS\TPMS\ITAG_NEW\ITAG)
21-03-12 13:37:28 [INFO] - The following profiles are active: dev
21-03-12 13:37:31 [INFO] - Started ItagProcessApplication in 3.277 seconds (JVM running for 4.236)
21-03-12 16:33:57 [INFO] - Starting ItagProcessApplication using Java 15.0.1 on BSHYDCOR-L350 with PID 2848 (D:\WORKSPACE\TPMS\TPMS\ITAG_NEW\ITAG\target\classes started by urvashic in D:\WORKSPACE\TPMS\TPMS\ITAG_NEW\ITAG)
21-03-12 16:33:57 [INFO] - The following profiles are active: dev
21-03-12 16:34:50 [INFO] - Starting ItagProcessApplication using Java 15.0.1 on BSHYDCOR-L350 with PID 16160 (D:\WORKSPACE\TPMS\TPMS\ITAG_NEW\ITAG\target\classes started by urvashic in D:\WORKSPACE\TPMS\TPMS\ITAG_NEW\ITAG)
21-03-12 16:34:50 [INFO] - The following profiles are active: dev
21-03-12 16:35:00 [INFO] - Started ItagProcessApplication in 10.419 seconds (JVM running for 11.441)
21-03-12 16:36:49 [INFO] - 00
21-03-12 16:36:55 [INFO] - File checkpoint Details Inserted with Id= 120
21-03-12 17:07:01 [INFO] - Starting ItagProcessApplication using Java 15.0.1 on BSHYDCOR-L350 with PID 13812 (D:\WORKSPACE\TPMS\TPMS\ITAG_NEW\ITAG\target\classes started by urvashic in D:\WORKSPACE\TPMS\TPMS\ITAG_NEW\ITAG)
21-03-12 17:07:01 [INFO] - The following profiles are active: dev
21-03-12 17:07:10 [INFO] - Started ItagProcessApplication in 10.298 seconds (JVM running for 11.498)
21-03-12 17:11:09 [INFO] - 00
21-03-12 17:12:45 [INFO] - File checkpoint Details Inserted with Id= 121
21-03-12 17:15:06 [INFO] - Starting ItagProcessApplication using Java 15.0.1 on BSHYDCOR-L350 with PID 13564 (D:\WORKSPACE\TPMS\TPMS\ITAG_NEW\ITAG\target\classes started by urvashic in D:\WORKSPACE\TPMS\TPMS\ITAG_NEW\ITAG)
21-03-12 17:15:06 [INFO] - The following profiles are active: dev
21-03-12 17:15:16 [INFO] - Started ItagProcessApplication in 9.498 seconds (JVM running for 10.392)
21-03-12 17:17:01 [INFO] - 00
21-03-12 17:17:31 [INFO] - File checkpoint Details Inserted with Id= 122
21-03-12 17:23:25 [INFO] - Starting ItagProcessApplication using Java 15.0.1 on BSHYDCOR-L350 with PID 16508 (D:\WORKSPACE\TPMS\TPMS\ITAG_NEW\ITAG\target\classes started by urvashic in D:\WORKSPACE\TPMS\TPMS\ITAG_NEW\ITAG)
21-03-12 17:23:25 [INFO] - The following profiles are active: dev
21-03-12 17:23:27 [INFO] - Started ItagProcessApplication in 2.246 seconds (JVM running for 3.06)
21-03-12 17:24:12 [INFO] - 00
21-03-12 17:24:14 [INFO] - File checkpoint Details Inserted with Id= 123
21-03-12 17:25:39 [INFO] - Starting ItagProcessApplication using Java 15.0.1 on BSHYDCOR-L350 with PID 17756 (D:\WORKSPACE\TPMS\TPMS\ITAG_NEW\ITAG\target\classes started by urvashic in D:\WORKSPACE\TPMS\TPMS\ITAG_NEW\ITAG)
21-03-12 17:25:39 [INFO] - The following profiles are active: dev
21-03-12 17:25:41 [INFO] - Started ItagProcessApplication in 2.327 seconds (JVM running for 3.077)
21-03-12 17:26:23 [INFO] - 00
21-03-12 17:26:24 [INFO] - File checkpoint Details Inserted with Id= 124
21-03-12 17:28:42 [INFO] - Starting ItagProcessApplication using Java 15.0.1 on BSHYDCOR-L350 with PID 5248 (D:\WORKSPACE\TPMS\TPMS\ITAG_NEW\ITAG\target\classes started by urvashic in D:\WORKSPACE\TPMS\TPMS\ITAG_NEW\ITAG)
21-03-12 17:28:42 [INFO] - The following profiles are active: dev
21-03-12 17:28:44 [INFO] - Started ItagProcessApplication in 2.181 seconds (JVM running for 2.893)
21-03-12 17:29:24 [INFO] - 00
21-03-12 17:29:26 [INFO] - File checkpoint Details Inserted with Id= 125
21-03-12 17:29:27 [INFO] - 00
21-03-12 17:29:28 [INFO] - File checkpoint Details Inserted with Id= 126
21-03-12 17:39:23 [INFO] - Starting ItagProcessApplication using Java 15.0.1 on BSHYDCOR-L350 with PID 15356 (D:\WORKSPACE\TPMS\TPMS\ITAG_NEW\ITAG\target\classes started by urvashic in D:\WORKSPACE\TPMS\TPMS\ITAG_NEW\ITAG)
21-03-12 17:39:23 [INFO] - The following profiles are active: dev
21-03-12 17:39:32 [INFO] - Started ItagProcessApplication in 9.473 seconds (JVM running for 10.31)
21-03-12 17:41:36 [INFO] - 00
21-03-12 17:42:25 [INFO] - File checkpoint Details Inserted with Id= 127
21-03-12 17:45:27 [INFO] - 00
21-03-12 18:28:26 [INFO] - Starting ItagProcessApplication using Java 15.0.1 on BSHYDCOR-L350 with PID 11088 (D:\WORKSPACE\TPMS\TPMS\ITAG_NEW\ITAG\target\classes started by urvashic in D:\WORKSPACE\TPMS\TPMS\ITAG_NEW\ITAG)
21-03-12 18:28:26 [INFO] - The following profiles are active: dev
21-03-12 18:28:28 [INFO] - Started ItagProcessApplication in 2.591 seconds (JVM running for 3.354)
21-03-12 18:29:06 [INFO] - 00
21-03-12 18:29:07 [INFO] - File checkpoint Details Inserted with Id= 128
21-03-12 18:39:01 [INFO] - Starting ItagProcessApplication using Java 15.0.1 on BSHYDCOR-L350 with PID 16892 (D:\WORKSPACE\TPMS\TPMS\ITAG_NEW\ITAG\target\classes started by urvashic in D:\WORKSPACE\TPMS\TPMS\ITAG_NEW\ITAG)
21-03-12 18:39:01 [INFO] - The following profiles are active: dev
21-03-12 18:39:04 [INFO] - Started ItagProcessApplication in 2.358 seconds (JVM running for 3.04)
21-03-12 18:39:42 [INFO] - 00
21-03-12 18:39:44 [INFO] - File checkpoint Details Inserted with Id= 129
21-03-12 18:44:38 [INFO] - Starting ItagProcessApplication using Java 15.0.1 on BSHYDCOR-L350 with PID 12536 (D:\WORKSPACE\TPMS\TPMS\ITAG_NEW\ITAG\target\classes started by urvashic in D:\WORKSPACE\TPMS\TPMS\ITAG_NEW\ITAG)
21-03-12 18:44:38 [INFO] - The following profiles are active: dev
21-03-12 18:44:40 [INFO] - Started ItagProcessApplication in 2.155 seconds (JVM running for 2.813)
21-03-12 18:45:18 [INFO] - 00
21-03-12 18:45:19 [INFO] - File checkpoint Details Inserted with Id= 130
21-03-12 18:48:45 [INFO] - Starting ItagProcessApplication using Java 15.0.1 on BSHYDCOR-L350 with PID 5512 (D:\WORKSPACE\TPMS\TPMS\ITAG_NEW\ITAG\target\classes started by urvashic in D:\WORKSPACE\TPMS\TPMS\ITAG_NEW\ITAG)
21-03-12 18:48:45 [INFO] - The following profiles are active: dev
21-03-12 18:48:55 [INFO] - Started ItagProcessApplication in 11.047 seconds (JVM running for 22.857)
21-03-12 18:51:37 [INFO] - Starting ItagProcessApplication using Java 15.0.1 on BSHYDCOR-L350 with PID 17684 (D:\WORKSPACE\TPMS\TPMS\ITAG_NEW\ITAG\target\classes started by urvashic in D:\WORKSPACE\TPMS\TPMS\ITAG_NEW\ITAG)
21-03-12 18:51:37 [INFO] - The following profiles are active: dev
21-03-12 18:51:47 [INFO] - Started ItagProcessApplication in 10.506 seconds (JVM running for 11.508)
21-03-12 18:53:04 [INFO] - 00
21-03-12 18:53:11 [INFO] - File checkpoint Details Inserted with Id= 131
21-03-12 18:53:48 [INFO] - Starting ItagProcessApplication using Java 15.0.1 on BSHYDCOR-L350 with PID 10600 (D:\WORKSPACE\TPMS\TPMS\ITAG_NEW\ITAG\target\classes started by urvashic in D:\WORKSPACE\TPMS\TPMS\ITAG_NEW\ITAG)
21-03-12 18:53:48 [INFO] - The following profiles are active: dev
21-03-12 18:53:57 [INFO] - Started ItagProcessApplication in 9.754 seconds (JVM running for 10.714)
21-03-12 19:02:36 [INFO] - Starting ItagProcessApplication using Java 15.0.1 on BSHYDCOR-L350 with PID 12732 (D:\WORKSPACE\TPMS\TPMS\ITAG_NEW\ITAG\target\classes started by urvashic in D:\WORKSPACE\TPMS\TPMS\ITAG_NEW\ITAG)
21-03-12 19:02:36 [INFO] - The following profiles are active: dev
21-03-12 19:02:45 [INFO] - Started ItagProcessApplication in 9.359 seconds (JVM running for 10.256)
21-03-12 19:12:03 [INFO] - Starting ItagProcessApplication using Java 15.0.1 on BSHYDCOR-L350 with PID 3200 (D:\WORKSPACE\TPMS\TPMS\ITAG_NEW\ITAG\target\classes started by urvashic in D:\WORKSPACE\TPMS\TPMS\ITAG_NEW\ITAG)
21-03-12 19:12:03 [INFO] - The following profiles are active: dev
21-03-12 19:12:05 [INFO] - Started ItagProcessApplication in 2.132 seconds (JVM running for 2.83)
21-03-12 19:12:43 [INFO] - File date is invalid:20250713210431
21-03-12 19:12:44 [INFO] - 00
21-03-12 19:12:45 [INFO] - File checkpoint Details Inserted with Id= 132
21-03-12 19:12:45 [INFO] - File date is invalid:20250713210432
21-03-12 19:12:45 [INFO] - 00
21-03-12 19:12:46 [INFO] - File checkpoint Details Inserted with Id= 133
21-03-12 19:13:28 [INFO] - Starting ItagProcessApplication using Java 15.0.1 on BSHYDCOR-L350 with PID 14468 (D:\WORKSPACE\TPMS\TPMS\ITAG_NEW\ITAG\target\classes started by urvashic in D:\WORKSPACE\TPMS\TPMS\ITAG_NEW\ITAG)
21-03-12 19:13:28 [INFO] - The following profiles are active: dev
21-03-12 19:13:45 [INFO] - Starting ItagProcessApplication using Java 15.0.1 on BSHYDCOR-L350 with PID 11560 (D:\WORKSPACE\TPMS\TPMS\ITAG_NEW\ITAG\target\classes started by urvashic in D:\WORKSPACE\TPMS\TPMS\ITAG_NEW\ITAG)
21-03-12 19:13:45 [INFO] - The following profiles are active: dev
21-03-12 19:13:46 [INFO] - Started ItagProcessApplication in 2.092 seconds (JVM running for 2.765)
21-03-12 19:14:26 [INFO] - File date is invalid:20250713210431
21-03-12 19:14:28 [INFO] - 00
21-03-12 19:14:28 [INFO] - File checkpoint Details Inserted with Id= 134
21-03-12 19:14:28 [INFO] - File date is invalid:20250713210432
21-03-12 19:14:29 [INFO] - 00
21-03-12 19:14:30 [INFO] - File checkpoint Details Inserted with Id= 135
21-03-12 19:14:46 [INFO] - Starting ItagProcessApplication using Java 15.0.1 on BSHYDCOR-L350 with PID 2912 (D:\WORKSPACE\TPMS\TPMS\ITAG_NEW\ITAG\target\classes started by urvashic in D:\WORKSPACE\TPMS\TPMS\ITAG_NEW\ITAG)
21-03-12 19:14:46 [INFO] - The following profiles are active: dev
21-03-12 19:14:58 [INFO] - Starting ItagProcessApplication using Java 15.0.1 on BSHYDCOR-L350 with PID 13160 (D:\WORKSPACE\TPMS\TPMS\ITAG_NEW\ITAG\target\classes started by urvashic in D:\WORKSPACE\TPMS\TPMS\ITAG_NEW\ITAG)
21-03-12 19:14:58 [INFO] - The following profiles are active: dev
21-03-12 19:15:06 [INFO] - Started ItagProcessApplication in 9.261 seconds (JVM running for 10.179)
21-03-12 19:22:21 [INFO] - Starting ItagProcessApplication using Java 15.0.1 on BSHYDCOR-L350 with PID 13400 (D:\WORKSPACE\TPMS\TPMS\ITAG_NEW\ITAG\target\classes started by urvashic in D:\WORKSPACE\TPMS\TPMS\ITAG_NEW\ITAG)
21-03-12 19:22:21 [INFO] - The following profiles are active: dev
21-03-12 19:22:30 [INFO] - Started ItagProcessApplication in 10.323 seconds (JVM running for 11.239)
21-03-12 19:25:29 [INFO] - Starting ItagProcessApplication using Java 15.0.1 on BSHYDCOR-L350 with PID 9300 (D:\WORKSPACE\TPMS\TPMS\ITAG_NEW\ITAG\target\classes started by urvashic in D:\WORKSPACE\TPMS\TPMS\ITAG_NEW\ITAG)
21-03-12 19:25:29 [INFO] - The following profiles are active: dev
21-03-12 19:25:40 [INFO] - Started ItagProcessApplication in 11.597 seconds (JVM running for 12.569)
21-03-12 19:33:41 [INFO] - File date is invalid:20250713210431
21-03-12 19:37:34 [INFO] - Starting ItagProcessApplication using Java 15.0.1 on BSHYDCOR-L350 with PID 18060 (D:\WORKSPACE\TPMS\TPMS\ITAG_NEW\ITAG\target\classes started by urvashic in D:\WORKSPACE\TPMS\TPMS\ITAG_NEW\ITAG)
21-03-12 19:37:34 [INFO] - The following profiles are active: dev
21-03-12 19:37:44 [INFO] - Started ItagProcessApplication in 9.889 seconds (JVM running for 10.79)
21-03-12 19:42:44 [INFO] - Starting ItagProcessApplication using Java 15.0.1 on BSHYDCOR-L350 with PID 17616 (D:\WORKSPACE\TPMS\TPMS\ITAG_NEW\ITAG\target\classes started by urvashic in D:\WORKSPACE\TPMS\TPMS\ITAG_NEW\ITAG)
21-03-12 19:42:44 [INFO] - The following profiles are active: dev
21-03-12 19:42:53 [INFO] - Started ItagProcessApplication in 9.318 seconds (JVM running for 10.242)
21-03-12 19:47:42 [INFO] - Starting ItagProcessApplication using Java 15.0.1 on BSHYDCOR-L350 with PID 11916 (D:\WORKSPACE\TPMS\TPMS\ITAG_NEW\ITAG\target\classes started by urvashic in D:\WORKSPACE\TPMS\TPMS\ITAG_NEW\ITAG)
21-03-12 19:47:42 [INFO] - The following profiles are active: dev
21-03-12 19:48:02 [INFO] - Started ItagProcessApplication in 20.889 seconds (JVM running for 22.016)
